<?xml version="1.0" encoding="UTF-8"?>
<!-- Generated by org.testng.reporters.JUnitReportReporter -->
<testsuite hostname="DESKTOP-M3QVQ6S" failures="0" tests="1" name="Demo.Test.AppTest" time="0.005" errors="0" timestamp="11 Aug 2019 16:39:49 GMT" skipped="0">
  <testcase classname="Demo.Test.AppTest" name="print" time="0.005"/>
</testsuite> <!-- Demo.Test.AppTest -->
